09-Dec-2019 00:52:59.403 INFO [main] org.apache.openejb.persistence.PersistenceBootstrap.getDefaultProvider Default JPA Provider changed to org.eclipse.persistence.jpa.PersistenceProvider specified by jar:file:/Users/ravikumar.g/Downloads/apache-tomee-plume-7.0.6/lib/openejb-core-eclipselink-7.0.6.jar!/META-INF/org.apache.openejb.persistence.PersistenceBootstrap.provider
09-Dec-2019 00:52:59.729 INFO [main] sun.reflect.NativeMethodAccessorImpl.invoke Server version:        Apache Tomcat (TomEE)/8.5.41 (7.0.6)
09-Dec-2019 00:52:59.729 INFO [main] sun.reflect.NativeMethodAccessorImpl.invoke Server built:          May 4 2019 09:17:16 UTC
09-Dec-2019 00:52:59.729 INFO [main] sun.reflect.NativeMethodAccessorImpl.invoke Server number:         8.5.41.0
09-Dec-2019 00:52:59.729 INFO [main] sun.reflect.NativeMethodAccessorImpl.invoke OS Name:               Mac OS X
09-Dec-2019 00:52:59.729 INFO [main] sun.reflect.NativeMethodAccessorImpl.invoke OS Version:            10.12.6
09-Dec-2019 00:52:59.729 INFO [main] sun.reflect.NativeMethodAccessorImpl.invoke Architecture:          x86_64
09-Dec-2019 00:52:59.729 INFO [main] sun.reflect.NativeMethodAccessorImpl.invoke Java Home:             /Library/Java/JavaVirtualMachines/jdk1.8.0_151.jdk/Contents/Home/jre
09-Dec-2019 00:52:59.729 INFO [main] sun.reflect.NativeMethodAccessorImpl.invoke JVM Version:           1.8.0_151-b12
09-Dec-2019 00:52:59.729 INFO [main] sun.reflect.NativeMethodAccessorImpl.invoke JVM Vendor:            Oracle Corporation
09-Dec-2019 00:52:59.729 INFO [main] sun.reflect.NativeMethodAccessorImpl.invoke CATALINA_BASE:         /Users/ravikumar.g/Downloads/apache-tomee-plume-7.0.6
09-Dec-2019 00:52:59.729 INFO [main] sun.reflect.NativeMethodAccessorImpl.invoke CATALINA_HOME:         /Users/ravikumar.g/Downloads/apache-tomee-plume-7.0.6
09-Dec-2019 00:52:59.730 INFO [main] sun.reflect.NativeMethodAccessorImpl.invoke Command line argument: -Djava.util.logging.config.file=/Users/ravikumar.g/Downloads/apache-tomee-plume-7.0.6/conf/logging.properties
09-Dec-2019 00:52:59.730 INFO [main] sun.reflect.NativeMethodAccessorImpl.invoke Command line argument: -Djava.util.logging.manager=org.apache.juli.ClassLoaderLogManager
09-Dec-2019 00:52:59.730 INFO [main] sun.reflect.NativeMethodAccessorImpl.invoke Command line argument: -javaagent:/Users/ravikumar.g/Downloads/apache-tomee-plume-7.0.6/lib/openejb-javaagent.jar
09-Dec-2019 00:52:59.731 INFO [main] sun.reflect.NativeMethodAccessorImpl.invoke Command line argument: -Djdk.tls.ephemeralDHKeySize=2048
09-Dec-2019 00:52:59.731 INFO [main] sun.reflect.NativeMethodAccessorImpl.invoke Command line argument: -Djava.protocol.handler.pkgs=org.apache.catalina.webresources
09-Dec-2019 00:52:59.731 INFO [main] sun.reflect.DelegatingMethodAccessorImpl.invoke Command line argument: -Dorg.apache.catalina.security.SecurityListener.UMASK=0027
09-Dec-2019 00:52:59.731 INFO [main] sun.reflect.DelegatingMethodAccessorImpl.invoke Command line argument: -Dignore.endorsed.dirs=
09-Dec-2019 00:52:59.731 INFO [main] sun.reflect.DelegatingMethodAccessorImpl.invoke Command line argument: -Dcatalina.base=/Users/ravikumar.g/Downloads/apache-tomee-plume-7.0.6
09-Dec-2019 00:52:59.731 INFO [main] sun.reflect.DelegatingMethodAccessorImpl.invoke Command line argument: -Dcatalina.home=/Users/ravikumar.g/Downloads/apache-tomee-plume-7.0.6
09-Dec-2019 00:52:59.731 INFO [main] sun.reflect.DelegatingMethodAccessorImpl.invoke Command line argument: -Djava.io.tmpdir=/Users/ravikumar.g/Downloads/apache-tomee-plume-7.0.6/temp
09-Dec-2019 00:52:59.731 INFO [main] sun.reflect.DelegatingMethodAccessorImpl.invoke The APR based Apache Tomcat Native library which allows optimal performance in production environments was not found on the java.library.path: [/Users/ravikumar.g/Library/Java/Extensions:/Library/Java/Extensions:/Network/Library/Java/Extensions:/System/Library/Java/Extensions:/usr/lib/java:.]
09-Dec-2019 00:52:59.941 INFO [main] sun.reflect.DelegatingMethodAccessorImpl.invoke Initializing ProtocolHandler ["http-nio-8080"]
09-Dec-2019 00:52:59.967 INFO [main] sun.reflect.DelegatingMethodAccessorImpl.invoke Using a shared selector for servlet write/read
09-Dec-2019 00:52:59.980 INFO [main] sun.reflect.DelegatingMethodAccessorImpl.invoke Initializing ProtocolHandler ["ajp-nio-8009"]
09-Dec-2019 00:52:59.982 INFO [main] sun.reflect.DelegatingMethodAccessorImpl.invoke Using a shared selector for servlet write/read
09-Dec-2019 00:53:00.208 INFO [main] org.apache.openejb.util.OptionsLog.info Using 'openejb.jdbc.datasource-creator=org.apache.tomee.jdbc.TomEEDataSourceCreator'
09-Dec-2019 00:53:00.288 INFO [main] org.apache.openejb.OpenEJB$Instance.<init> ********************************************************************************
09-Dec-2019 00:53:00.288 INFO [main] org.apache.openejb.OpenEJB$Instance.<init> OpenEJB http://tomee.apache.org/
09-Dec-2019 00:53:00.288 INFO [main] org.apache.openejb.OpenEJB$Instance.<init> Startup: Mon Dec 09 00:53:00 IST 2019
09-Dec-2019 00:53:00.289 INFO [main] org.apache.openejb.OpenEJB$Instance.<init> Copyright 1999-2018 (C) Apache OpenEJB Project, All Rights Reserved.
09-Dec-2019 00:53:00.289 INFO [main] org.apache.openejb.OpenEJB$Instance.<init> Version: 7.0.6
09-Dec-2019 00:53:00.289 INFO [main] org.apache.openejb.OpenEJB$Instance.<init> Build date: 20190606
09-Dec-2019 00:53:00.289 INFO [main] org.apache.openejb.OpenEJB$Instance.<init> Build time: 09:56
09-Dec-2019 00:53:00.289 INFO [main] org.apache.openejb.OpenEJB$Instance.<init> ********************************************************************************
09-Dec-2019 00:53:00.289 INFO [main] org.apache.openejb.OpenEJB$Instance.<init> openejb.home = /Users/ravikumar.g/Downloads/apache-tomee-plume-7.0.6
09-Dec-2019 00:53:00.290 INFO [main] org.apache.openejb.OpenEJB$Instance.<init> openejb.base = /Users/ravikumar.g/Downloads/apache-tomee-plume-7.0.6
09-Dec-2019 00:53:00.291 INFO [main] org.apache.openejb.cdi.CdiBuilder.initializeOWB Created new singletonService org.apache.openejb.cdi.ThreadSingletonServiceImpl@5c909414
09-Dec-2019 00:53:00.291 INFO [main] org.apache.openejb.cdi.CdiBuilder.initializeOWB Succeeded in installing singleton service
09-Dec-2019 00:53:00.318 INFO [main] org.apache.openejb.config.ConfigurationFactory.init TomEE configuration file is '/Users/ravikumar.g/Downloads/apache-tomee-plume-7.0.6/conf/tomee.xml'
09-Dec-2019 00:53:00.354 INFO [main] org.apache.openejb.config.ConfigurationFactory.configureService Configuring Service(id=Tomcat Security Service, type=SecurityService, provider-id=Tomcat Security Service)
09-Dec-2019 00:53:00.355 INFO [main] org.apache.openejb.config.ConfigurationFactory.configureService Configuring Service(id=Default Transaction Manager, type=TransactionManager, provider-id=Default Transaction Manager)
09-Dec-2019 00:53:00.356 INFO [main] org.apache.openejb.config.ConfigurationFactory.configureService Configuring Service(id=movieDatabase, type=Resource, provider-id=Default JDBC Database)
09-Dec-2019 00:53:00.357 INFO [main] org.apache.openejb.util.OptionsLog.info Using 'openejb.deployments.classpath=false'
09-Dec-2019 00:53:00.359 INFO [main] org.apache.openejb.assembler.classic.Assembler.createRecipe Creating TransactionManager(id=Default Transaction Manager)
09-Dec-2019 00:53:00.400 INFO [main] org.apache.openejb.assembler.classic.Assembler.createRecipe Creating SecurityService(id=Tomcat Security Service)
09-Dec-2019 00:53:00.421 INFO [main] org.apache.openejb.assembler.classic.Assembler.createRecipe Creating Resource(id=movieDatabase)
09-Dec-2019 00:53:01.017 INFO [main] org.apache.openejb.server.ServiceManager.initServer Creating ServerService(id=cxf)
09-Dec-2019 00:53:01.137 INFO [main] org.apache.openejb.server.ServiceManager.initServer Creating ServerService(id=cxf-rs)
09-Dec-2019 00:53:01.184 INFO [main] org.apache.openejb.server.SimpleServiceManager.start   ** Bound Services **
09-Dec-2019 00:53:01.184 INFO [main] org.apache.openejb.server.SimpleServiceManager.printRow   NAME                 IP              PORT  
09-Dec-2019 00:53:01.184 INFO [main] org.apache.openejb.server.SimpleServiceManager.start -------
09-Dec-2019 00:53:01.184 INFO [main] org.apache.openejb.server.SimpleServiceManager.start Ready!
09-Dec-2019 00:53:01.184 INFO [main] sun.reflect.DelegatingMethodAccessorImpl.invoke Initialization processed in 1761 ms
09-Dec-2019 00:53:01.211 INFO [main] org.apache.tomee.catalina.OpenEJBNamingContextListener.bindResource Importing a Tomcat Resource with id 'UserDatabase' of type 'org.apache.catalina.UserDatabase'.
09-Dec-2019 00:53:01.212 INFO [main] org.apache.openejb.assembler.classic.Assembler.createRecipe Creating Resource(id=UserDatabase)
09-Dec-2019 00:53:01.227 INFO [main] sun.reflect.DelegatingMethodAccessorImpl.invoke Starting service [Catalina]
09-Dec-2019 00:53:01.227 INFO [main] sun.reflect.DelegatingMethodAccessorImpl.invoke Starting Servlet Engine: Apache Tomcat (TomEE)/8.5.41 (7.0.6)
09-Dec-2019 00:53:01.240 INFO [localhost-startStop-1] sun.reflect.DelegatingMethodAccessorImpl.invoke Deploying web application archive [/Users/ravikumar.g/Downloads/apache-tomee-plume-7.0.6/webapps/tomee-1.0.war]
09-Dec-2019 00:53:01.246 INFO [localhost-startStop-1] org.apache.tomee.catalina.TomcatWebAppBuilder.init ------------------------- localhost -> /tomee-1.0
09-Dec-2019 00:53:01.589 INFO [localhost-startStop-1] org.apache.openejb.config.ConfigurationFactory.configureApplication Configuring enterprise application: /Users/ravikumar.g/Downloads/apache-tomee-plume-7.0.6/webapps/tomee-1.0
09-Dec-2019 00:53:02.095 INFO [localhost-startStop-1] org.apache.openejb.config.InitEjbDeployments.deploy Auto-deploying ejb MoviesBean: EjbDeployment(deployment-id=MoviesBean)
09-Dec-2019 00:53:02.100 INFO [localhost-startStop-1] org.apache.openejb.config.ConfigurationFactory.configureService Configuring Service(id=tomee-1.0/jms/movieManagemenCF, type=Resource, provider-id=ProvidedByTomcat)
09-Dec-2019 00:53:02.101 INFO [localhost-startStop-1] org.apache.openejb.config.ConfigurationFactory.configureService Configuring Service(id=tomee-1.0/jms/movieManagementQueue, type=Resource, provider-id=ProvidedByTomcat)
09-Dec-2019 00:53:02.102 INFO [localhost-startStop-1] org.apache.openejb.config.ConfigurationFactory.configureService Configuring Service(id=tomee-1.0/movieDatabase, type=Resource, provider-id=Default JDBC Database)
09-Dec-2019 00:53:02.102 INFO [localhost-startStop-1] org.apache.openejb.config.ConfigurationFactory.configureService Configuring Service(id=tomee-1.0/movieDatabaseUnmanaged, type=Resource, provider-id=Default JDBC Database)
09-Dec-2019 00:53:02.103 INFO [localhost-startStop-1] org.apache.openejb.assembler.classic.Assembler.createRecipe Creating Resource(id=tomee-1.0/jms/movieManagemenCF)
09-Dec-2019 00:53:02.148 INFO [localhost-startStop-1] org.apache.openejb.assembler.classic.Assembler.createRecipe Creating Resource(id=tomee-1.0/jms/movieManagementQueue)
09-Dec-2019 00:53:02.156 INFO [localhost-startStop-1] org.apache.openejb.assembler.classic.Assembler.createRecipe Creating Resource(id=tomee-1.0/movieDatabase)
09-Dec-2019 00:53:02.618 INFO [localhost-startStop-1] org.hsqldb.persist.Logger.logInfoEvent checkpointClose start
09-Dec-2019 00:53:02.627 INFO [localhost-startStop-1] org.hsqldb.persist.Logger.logInfoEvent checkpointClose end
09-Dec-2019 00:53:02.636 INFO [localhost-startStop-1] org.apache.openejb.assembler.classic.Assembler.createRecipe Creating Resource(id=tomee-1.0/movieDatabaseUnmanaged)
09-Dec-2019 00:53:02.646 INFO [localhost-startStop-1] org.apache.openejb.config.ConfigurationFactory.configureService Configuring Service(id=Default Stateless Container, type=Container, provider-id=Default Stateless Container)
09-Dec-2019 00:53:02.646 INFO [localhost-startStop-1] org.apache.openejb.config.AutoConfig.createContainer Auto-creating a container for bean MoviesBean: Container(type=STATELESS, id=Default Stateless Container)
09-Dec-2019 00:53:02.646 INFO [localhost-startStop-1] org.apache.openejb.assembler.classic.Assembler.createRecipe Creating Container(id=Default Stateless Container)
09-Dec-2019 00:53:02.661 INFO [localhost-startStop-1] org.apache.openejb.config.AutoConfig.processResourceRef Auto-linking resource-ref 'jms/movieManagemenCF' in bean MoviesBean to Resource(id=jms/movieManagemenCF)
09-Dec-2019 00:53:02.662 INFO [localhost-startStop-1] org.apache.openejb.config.AutoConfig.processResourceRef Auto-linking resource-ref 'jms/movieManagementQueue' in bean MoviesBean to Resource(id=jms/movieManagementQueue)
09-Dec-2019 00:53:02.662 INFO [localhost-startStop-1] org.apache.openejb.config.AutoConfig.processResourceRef Auto-linking resource-ref 'openejb/Resource/tomee-1.0/jms/movieManagemenCF' in bean MoviesBean to Resource(id=tomee-1.0/jms/movieManagemenCF)
09-Dec-2019 00:53:02.662 INFO [localhost-startStop-1] org.apache.openejb.config.AutoConfig.processResourceRef Auto-linking resource-ref 'openejb/Resource/jms/movieManagemenCF' in bean MoviesBean to Resource(id=tomee-1.0/jms/movieManagemenCF)
09-Dec-2019 00:53:02.662 INFO [localhost-startStop-1] org.apache.openejb.config.AutoConfig.processResourceRef Auto-linking resource-ref 'openejb/Resource/tomee-1.0/jms/movieManagementQueue' in bean MoviesBean to Resource(id=tomee-1.0/jms/movieManagementQueue)
09-Dec-2019 00:53:02.663 INFO [localhost-startStop-1] org.apache.openejb.config.AutoConfig.processResourceRef Auto-linking resource-ref 'openejb/Resource/jms/movieManagementQueue' in bean MoviesBean to Resource(id=tomee-1.0/jms/movieManagementQueue)
09-Dec-2019 00:53:02.663 INFO [localhost-startStop-1] org.apache.openejb.config.AutoConfig.processResourceRef Auto-linking resource-ref 'openejb/Resource/tomee-1.0/movieDatabase' in bean MoviesBean to Resource(id=tomee-1.0/movieDatabase)
09-Dec-2019 00:53:02.664 INFO [localhost-startStop-1] org.apache.openejb.config.AutoConfig.processResourceRef Auto-linking resource-ref 'openejb/Resource/movieDatabase' in bean MoviesBean to Resource(id=tomee-1.0/movieDatabase)
09-Dec-2019 00:53:02.664 INFO [localhost-startStop-1] org.apache.openejb.config.AutoConfig.processResourceRef Auto-linking resource-ref 'openejb/Resource/tomee-1.0/movieDatabaseUnmanaged' in bean MoviesBean to Resource(id=tomee-1.0/movieDatabaseUnmanaged)
09-Dec-2019 00:53:02.664 INFO [localhost-startStop-1] org.apache.openejb.config.AutoConfig.processResourceRef Auto-linking resource-ref 'openejb/Resource/movieDatabaseUnmanaged' in bean MoviesBean to Resource(id=tomee-1.0/movieDatabaseUnmanaged)
09-Dec-2019 00:53:02.665 INFO [localhost-startStop-1] org.apache.openejb.config.ConfigurationFactory.configureService Configuring Service(id=Default Managed Container, type=Container, provider-id=Default Managed Container)
09-Dec-2019 00:53:02.665 INFO [localhost-startStop-1] org.apache.openejb.config.AutoConfig.createContainer Auto-creating a container for bean tomee-1.0.Comp1211942042: Container(type=MANAGED, id=Default Managed Container)
09-Dec-2019 00:53:02.665 INFO [localhost-startStop-1] org.apache.openejb.assembler.classic.Assembler.createRecipe Creating Container(id=Default Managed Container)
09-Dec-2019 00:53:02.673 INFO [localhost-startStop-1] org.apache.openejb.core.managed.SimplePassivater.init Using directory /Users/ravikumar.g/Downloads/apache-tomee-plume-7.0.6/temp for stateful session passivation
09-Dec-2019 00:53:02.682 INFO [localhost-startStop-1] org.apache.openejb.config.AutoConfig.processResourceRef Auto-linking resource-ref 'jms/movieManagemenCF' in bean tomee-1.0.Comp1211942042 to Resource(id=jms/movieManagemenCF)
09-Dec-2019 00:53:02.682 INFO [localhost-startStop-1] org.apache.openejb.config.AutoConfig.processResourceRef Auto-linking resource-ref 'jms/movieManagementQueue' in bean tomee-1.0.Comp1211942042 to Resource(id=jms/movieManagementQueue)
09-Dec-2019 00:53:02.682 INFO [localhost-startStop-1] org.apache.openejb.config.AutoConfig.processResourceRef Auto-linking resource-ref 'openejb/Resource/tomee-1.0/jms/movieManagemenCF' in bean tomee-1.0.Comp1211942042 to Resource(id=tomee-1.0/jms/movieManagemenCF)
09-Dec-2019 00:53:02.683 INFO [localhost-startStop-1] org.apache.openejb.config.AutoConfig.processResourceRef Auto-linking resource-ref 'openejb/Resource/jms/movieManagemenCF' in bean tomee-1.0.Comp1211942042 to Resource(id=tomee-1.0/jms/movieManagemenCF)
09-Dec-2019 00:53:02.683 INFO [localhost-startStop-1] org.apache.openejb.config.AutoConfig.processResourceRef Auto-linking resource-ref 'openejb/Resource/tomee-1.0/jms/movieManagementQueue' in bean tomee-1.0.Comp1211942042 to Resource(id=tomee-1.0/jms/movieManagementQueue)
09-Dec-2019 00:53:02.683 INFO [localhost-startStop-1] org.apache.openejb.config.AutoConfig.processResourceRef Auto-linking resource-ref 'openejb/Resource/jms/movieManagementQueue' in bean tomee-1.0.Comp1211942042 to Resource(id=tomee-1.0/jms/movieManagementQueue)
09-Dec-2019 00:53:02.683 INFO [localhost-startStop-1] org.apache.openejb.config.AutoConfig.processResourceRef Auto-linking resource-ref 'openejb/Resource/tomee-1.0/movieDatabase' in bean tomee-1.0.Comp1211942042 to Resource(id=tomee-1.0/movieDatabase)
09-Dec-2019 00:53:02.684 INFO [localhost-startStop-1] org.apache.openejb.config.AutoConfig.processResourceRef Auto-linking resource-ref 'openejb/Resource/movieDatabase' in bean tomee-1.0.Comp1211942042 to Resource(id=tomee-1.0/movieDatabase)
09-Dec-2019 00:53:02.684 INFO [localhost-startStop-1] org.apache.openejb.config.AutoConfig.processResourceRef Auto-linking resource-ref 'openejb/Resource/tomee-1.0/movieDatabaseUnmanaged' in bean tomee-1.0.Comp1211942042 to Resource(id=tomee-1.0/movieDatabaseUnmanaged)
09-Dec-2019 00:53:02.684 INFO [localhost-startStop-1] org.apache.openejb.config.AutoConfig.processResourceRef Auto-linking resource-ref 'openejb/Resource/movieDatabaseUnmanaged' in bean tomee-1.0.Comp1211942042 to Resource(id=tomee-1.0/movieDatabaseUnmanaged)
09-Dec-2019 00:53:02.685 INFO [localhost-startStop-1] org.apache.openejb.config.AutoConfig.deploy Configuring PersistenceUnit(name=movie-unit)
09-Dec-2019 00:53:02.685 INFO [localhost-startStop-1] org.apache.openejb.config.AutoConfig.setJtaDataSource Adjusting PersistenceUnit movie-unit <jta-data-source> to Resource ID 'tomee-1.0/movieDatabase' from 'movieDatabase'
09-Dec-2019 00:53:02.685 INFO [localhost-startStop-1] org.apache.openejb.config.AutoConfig.setNonJtaDataSource Adjusting PersistenceUnit movie-unit <non-jta-data-source> to Resource ID 'tomee-1.0/movieDatabaseUnmanaged' from 'movieDatabaseUnmanaged'
09-Dec-2019 00:53:02.708 INFO [localhost-startStop-1] org.apache.openejb.config.AppInfoBuilder.build Enterprise application "/Users/ravikumar.g/Downloads/apache-tomee-plume-7.0.6/webapps/tomee-1.0" loaded.
09-Dec-2019 00:53:02.711 INFO [localhost-startStop-1] org.apache.openejb.assembler.classic.Assembler.createApplication Assembling app: /Users/ravikumar.g/Downloads/apache-tomee-plume-7.0.6/webapps/tomee-1.0
09-Dec-2019 00:53:03.193 INFO [localhost-startStop-1] org.apache.openejb.assembler.classic.ReloadableEntityManagerFactory.createDelegate PersistenceUnit(name=movie-unit, provider=org.eclipse.persistence.jpa.PersistenceProvider) - provider time 458ms
09-Dec-2019 00:53:03.239 INFO [localhost-startStop-1] org.apache.openejb.assembler.classic.JndiBuilder.bind Jndi(name=MoviesBeanLocalBean) --> Ejb(deployment-id=MoviesBean)
09-Dec-2019 00:53:03.239 INFO [localhost-startStop-1] org.apache.openejb.assembler.classic.JndiBuilder.bind Jndi(name=global/tomee-1.0/MoviesBean!com.boxfuse.samples.tomee.MoviesBean) --> Ejb(deployment-id=MoviesBean)
09-Dec-2019 00:53:03.239 INFO [localhost-startStop-1] org.apache.openejb.assembler.classic.JndiBuilder.bind Jndi(name=global/tomee-1.0/MoviesBean) --> Ejb(deployment-id=MoviesBean)
09-Dec-2019 00:53:03.264 INFO [localhost-startStop-1] org.apache.openejb.cdi.CdiBuilder.initSingleton Existing thread singleton service in SystemInstance(): org.apache.openejb.cdi.ThreadSingletonServiceImpl@5c909414
09-Dec-2019 00:53:03.328 INFO [localhost-startStop-1] org.apache.openejb.cdi.OpenEJBLifecycle.startApplication OpenWebBeans Container is starting...
09-Dec-2019 00:53:03.335 INFO [localhost-startStop-1] org.apache.webbeans.plugins.PluginLoader.startUp Adding OpenWebBeansPlugin : [CdiPlugin]
09-Dec-2019 00:53:03.337 INFO [localhost-startStop-1] org.apache.openejb.cdi.CdiScanner.handleBda Using annotated mode for file:/Users/ravikumar.g/Downloads/apache-tomee-plume-7.0.6/webapps/tomee-1.0/WEB-INF/classes/ looking all classes to find CDI beans, maybe think to add a beans.xml if not there or add the jar to exclusions.list
09-Dec-2019 00:53:03.584 INFO [localhost-startStop-1] org.apache.webbeans.config.BeansDeployer.validateInjectionPoints All injection points were validated successfully.
09-Dec-2019 00:53:03.602 INFO [localhost-startStop-1] org.apache.openejb.cdi.OpenEJBLifecycle.startApplication OpenWebBeans Container has started, it took 273 ms.
09-Dec-2019 00:53:03.612 INFO [localhost-startStop-1] org.apache.openejb.assembler.classic.Assembler.startEjbs Created Ejb(deployment-id=MoviesBean, ejb-name=MoviesBean, container=Default Stateless Container)
09-Dec-2019 00:53:03.632 INFO [localhost-startStop-1] org.apache.openejb.assembler.classic.Assembler.startEjbs Started Ejb(deployment-id=MoviesBean, ejb-name=MoviesBean, container=Default Stateless Container)
09-Dec-2019 00:53:03.641 INFO [localhost-startStop-1] org.apache.openejb.assembler.classic.Assembler.createApplication Deployed Application(path=/Users/ravikumar.g/Downloads/apache-tomee-plume-7.0.6/webapps/tomee-1.0)
09-Dec-2019 00:53:03.936 INFO [localhost-startStop-1] org.apache.jasper.servlet.TldScanner.scanJars At least one JAR was scanned for TLDs yet contained no TLDs. Enable debug logging for this logger for a complete list of JARs that were scanned but no TLDs were found in them. Skipping unneeded JARs during scanning can improve startup time and JSP compilation time.
09-Dec-2019 00:53:04.058 INFO [localhost-startStop-1] sun.reflect.DelegatingMethodAccessorImpl.invoke Deployment of web application archive [/Users/ravikumar.g/Downloads/apache-tomee-plume-7.0.6/webapps/tomee-1.0.war] has finished in [2,817] ms
09-Dec-2019 00:53:04.059 INFO [localhost-startStop-1] sun.reflect.DelegatingMethodAccessorImpl.invoke Deploying web application directory [/Users/ravikumar.g/Downloads/apache-tomee-plume-7.0.6/webapps/docs]
09-Dec-2019 00:53:04.059 INFO [localhost-startStop-1] org.apache.tomee.catalina.TomcatWebAppBuilder.init ------------------------- localhost -> /docs
09-Dec-2019 00:53:04.107 INFO [localhost-startStop-1] org.apache.openejb.config.ConfigurationFactory.configureApplication Configuring enterprise application: /Users/ravikumar.g/Downloads/apache-tomee-plume-7.0.6/webapps/docs
09-Dec-2019 00:53:04.110 INFO [localhost-startStop-1] org.apache.openejb.config.ConfigurationFactory.configureService Configuring Service(id=docs/jms/movieManagemenCF, type=Resource, provider-id=ProvidedByTomcat)
09-Dec-2019 00:53:04.112 INFO [localhost-startStop-1] org.apache.openejb.config.ConfigurationFactory.configureService Configuring Service(id=docs/jms/movieManagementQueue, type=Resource, provider-id=ProvidedByTomcat)
09-Dec-2019 00:53:04.112 INFO [localhost-startStop-1] org.apache.openejb.assembler.classic.Assembler.createRecipe Creating Resource(id=docs/jms/movieManagemenCF)
09-Dec-2019 00:53:04.114 INFO [localhost-startStop-1] org.apache.openejb.assembler.classic.Assembler.createRecipe Creating Resource(id=docs/jms/movieManagementQueue)
09-Dec-2019 00:53:04.116 INFO [localhost-startStop-1] org.apache.openejb.config.AppInfoBuilder.build Enterprise application "/Users/ravikumar.g/Downloads/apache-tomee-plume-7.0.6/webapps/docs" loaded.
09-Dec-2019 00:53:04.116 INFO [localhost-startStop-1] org.apache.openejb.assembler.classic.Assembler.createApplication Assembling app: /Users/ravikumar.g/Downloads/apache-tomee-plume-7.0.6/webapps/docs
09-Dec-2019 00:53:04.125 INFO [localhost-startStop-1] org.apache.openejb.assembler.classic.Assembler.createApplication Deployed Application(path=/Users/ravikumar.g/Downloads/apache-tomee-plume-7.0.6/webapps/docs)
09-Dec-2019 00:53:04.191 INFO [localhost-startStop-1] org.apache.jasper.servlet.TldScanner.scanJars At least one JAR was scanned for TLDs yet contained no TLDs. Enable debug logging for this logger for a complete list of JARs that were scanned but no TLDs were found in them. Skipping unneeded JARs during scanning can improve startup time and JSP compilation time.
09-Dec-2019 00:53:04.206 INFO [localhost-startStop-1] sun.reflect.DelegatingMethodAccessorImpl.invoke Deployment of web application directory [/Users/ravikumar.g/Downloads/apache-tomee-plume-7.0.6/webapps/docs] has finished in [147] ms
09-Dec-2019 00:53:04.206 INFO [localhost-startStop-1] sun.reflect.DelegatingMethodAccessorImpl.invoke Deploying web application directory [/Users/ravikumar.g/Downloads/apache-tomee-plume-7.0.6/webapps/host-manager]
09-Dec-2019 00:53:04.208 INFO [localhost-startStop-1] org.apache.tomee.catalina.TomcatWebAppBuilder.init ------------------------- localhost -> /host-manager
09-Dec-2019 00:53:04.260 INFO [localhost-startStop-1] org.apache.openejb.config.ConfigurationFactory.configureApplication Configuring enterprise application: /Users/ravikumar.g/Downloads/apache-tomee-plume-7.0.6/webapps/host-manager
09-Dec-2019 00:53:04.264 INFO [localhost-startStop-1] org.apache.openejb.config.ConfigurationFactory.configureService Configuring Service(id=host-manager/jms/movieManagemenCF, type=Resource, provider-id=ProvidedByTomcat)
09-Dec-2019 00:53:04.265 INFO [localhost-startStop-1] org.apache.openejb.config.ConfigurationFactory.configureService Configuring Service(id=host-manager/jms/movieManagementQueue, type=Resource, provider-id=ProvidedByTomcat)
09-Dec-2019 00:53:04.265 INFO [localhost-startStop-1] org.apache.openejb.assembler.classic.Assembler.createRecipe Creating Resource(id=host-manager/jms/movieManagemenCF)
09-Dec-2019 00:53:04.268 INFO [localhost-startStop-1] org.apache.openejb.assembler.classic.Assembler.createRecipe Creating Resource(id=host-manager/jms/movieManagementQueue)
09-Dec-2019 00:53:04.270 INFO [localhost-startStop-1] org.apache.openejb.config.AppInfoBuilder.build Enterprise application "/Users/ravikumar.g/Downloads/apache-tomee-plume-7.0.6/webapps/host-manager" loaded.
09-Dec-2019 00:53:04.270 INFO [localhost-startStop-1] org.apache.openejb.assembler.classic.Assembler.createApplication Assembling app: /Users/ravikumar.g/Downloads/apache-tomee-plume-7.0.6/webapps/host-manager
09-Dec-2019 00:53:04.275 INFO [localhost-startStop-1] org.apache.tomee.catalina.TomcatWebAppBuilder.deployWebApps using context file /Users/ravikumar.g/Downloads/apache-tomee-plume-7.0.6/webapps/host-manager/META-INF/context.xml
09-Dec-2019 00:53:04.276 INFO [localhost-startStop-1] org.apache.openejb.assembler.classic.Assembler.createApplication Deployed Application(path=/Users/ravikumar.g/Downloads/apache-tomee-plume-7.0.6/webapps/host-manager)
09-Dec-2019 00:53:04.353 INFO [localhost-startStop-1] org.apache.jasper.servlet.TldScanner.scanJars At least one JAR was scanned for TLDs yet contained no TLDs. Enable debug logging for this logger for a complete list of JARs that were scanned but no TLDs were found in them. Skipping unneeded JARs during scanning can improve startup time and JSP compilation time.
09-Dec-2019 00:53:04.375 INFO [localhost-startStop-1] sun.reflect.DelegatingMethodAccessorImpl.invoke Deployment of web application directory [/Users/ravikumar.g/Downloads/apache-tomee-plume-7.0.6/webapps/host-manager] has finished in [168] ms
09-Dec-2019 00:53:04.375 INFO [localhost-startStop-1] sun.reflect.DelegatingMethodAccessorImpl.invoke Deploying web application directory [/Users/ravikumar.g/Downloads/apache-tomee-plume-7.0.6/webapps/manager]
09-Dec-2019 00:53:04.376 INFO [localhost-startStop-1] org.apache.tomee.catalina.TomcatWebAppBuilder.init ------------------------- localhost -> /manager
09-Dec-2019 00:53:04.412 INFO [localhost-startStop-1] org.apache.openejb.config.ConfigurationFactory.configureApplication Configuring enterprise application: /Users/ravikumar.g/Downloads/apache-tomee-plume-7.0.6/webapps/manager
09-Dec-2019 00:53:04.419 INFO [localhost-startStop-1] org.apache.openejb.config.ConfigurationFactory.configureService Configuring Service(id=manager/jms/movieManagemenCF, type=Resource, provider-id=ProvidedByTomcat)
09-Dec-2019 00:53:04.420 INFO [localhost-startStop-1] org.apache.openejb.config.ConfigurationFactory.configureService Configuring Service(id=manager/jms/movieManagementQueue, type=Resource, provider-id=ProvidedByTomcat)
09-Dec-2019 00:53:04.420 INFO [localhost-startStop-1] org.apache.openejb.assembler.classic.Assembler.createRecipe Creating Resource(id=manager/jms/movieManagemenCF)
09-Dec-2019 00:53:04.422 INFO [localhost-startStop-1] org.apache.openejb.assembler.classic.Assembler.createRecipe Creating Resource(id=manager/jms/movieManagementQueue)
09-Dec-2019 00:53:04.425 INFO [localhost-startStop-1] org.apache.openejb.config.AppInfoBuilder.build Enterprise application "/Users/ravikumar.g/Downloads/apache-tomee-plume-7.0.6/webapps/manager" loaded.
09-Dec-2019 00:53:04.425 INFO [localhost-startStop-1] org.apache.openejb.assembler.classic.Assembler.createApplication Assembling app: /Users/ravikumar.g/Downloads/apache-tomee-plume-7.0.6/webapps/manager
09-Dec-2019 00:53:04.432 INFO [localhost-startStop-1] org.apache.tomee.catalina.TomcatWebAppBuilder.deployWebApps using context file /Users/ravikumar.g/Downloads/apache-tomee-plume-7.0.6/webapps/manager/META-INF/context.xml
09-Dec-2019 00:53:04.433 INFO [localhost-startStop-1] org.apache.openejb.assembler.classic.Assembler.createApplication Deployed Application(path=/Users/ravikumar.g/Downloads/apache-tomee-plume-7.0.6/webapps/manager)
09-Dec-2019 00:53:04.509 INFO [localhost-startStop-1] org.apache.jasper.servlet.TldScanner.scanJars At least one JAR was scanned for TLDs yet contained no TLDs. Enable debug logging for this logger for a complete list of JARs that were scanned but no TLDs were found in them. Skipping unneeded JARs during scanning can improve startup time and JSP compilation time.
09-Dec-2019 00:53:04.524 INFO [localhost-startStop-1] sun.reflect.DelegatingMethodAccessorImpl.invoke Deployment of web application directory [/Users/ravikumar.g/Downloads/apache-tomee-plume-7.0.6/webapps/manager] has finished in [149] ms
09-Dec-2019 00:53:04.525 INFO [localhost-startStop-1] sun.reflect.DelegatingMethodAccessorImpl.invoke Deploying web application directory [/Users/ravikumar.g/Downloads/apache-tomee-plume-7.0.6/webapps/ROOT]
09-Dec-2019 00:53:04.525 INFO [localhost-startStop-1] org.apache.tomee.catalina.TomcatWebAppBuilder.init ------------------------- localhost -> /
09-Dec-2019 00:53:04.552 INFO [localhost-startStop-1] org.apache.openejb.config.ConfigurationFactory.configureApplication Configuring enterprise application: /Users/ravikumar.g/Downloads/apache-tomee-plume-7.0.6/webapps/ROOT
09-Dec-2019 00:53:04.555 INFO [localhost-startStop-1] org.apache.openejb.config.ConfigurationFactory.configureService Configuring Service(id=ROOT/jms/movieManagemenCF, type=Resource, provider-id=ProvidedByTomcat)
09-Dec-2019 00:53:04.557 INFO [localhost-startStop-1] org.apache.openejb.config.ConfigurationFactory.configureService Configuring Service(id=ROOT/jms/movieManagementQueue, type=Resource, provider-id=ProvidedByTomcat)
09-Dec-2019 00:53:04.557 INFO [localhost-startStop-1] org.apache.openejb.assembler.classic.Assembler.createRecipe Creating Resource(id=ROOT/jms/movieManagemenCF)
09-Dec-2019 00:53:04.559 INFO [localhost-startStop-1] org.apache.openejb.assembler.classic.Assembler.createRecipe Creating Resource(id=ROOT/jms/movieManagementQueue)
09-Dec-2019 00:53:04.561 INFO [localhost-startStop-1] org.apache.openejb.config.AppInfoBuilder.build Enterprise application "/Users/ravikumar.g/Downloads/apache-tomee-plume-7.0.6/webapps/ROOT" loaded.
09-Dec-2019 00:53:04.561 INFO [localhost-startStop-1] org.apache.openejb.assembler.classic.Assembler.createApplication Assembling app: /Users/ravikumar.g/Downloads/apache-tomee-plume-7.0.6/webapps/ROOT
09-Dec-2019 00:53:04.567 INFO [localhost-startStop-1] org.apache.openejb.assembler.classic.Assembler.createApplication Deployed Application(path=/Users/ravikumar.g/Downloads/apache-tomee-plume-7.0.6/webapps/ROOT)
09-Dec-2019 00:53:04.617 INFO [localhost-startStop-1] org.apache.jasper.servlet.TldScanner.scanJars At least one JAR was scanned for TLDs yet contained no TLDs. Enable debug logging for this logger for a complete list of JARs that were scanned but no TLDs were found in them. Skipping unneeded JARs during scanning can improve startup time and JSP compilation time.
09-Dec-2019 00:53:04.630 INFO [localhost-startStop-1] sun.reflect.DelegatingMethodAccessorImpl.invoke Deployment of web application directory [/Users/ravikumar.g/Downloads/apache-tomee-plume-7.0.6/webapps/ROOT] has finished in [105] ms
09-Dec-2019 00:53:04.639 INFO [main] sun.reflect.DelegatingMethodAccessorImpl.invoke Starting ProtocolHandler ["http-nio-8080"]
09-Dec-2019 00:53:04.647 INFO [main] sun.reflect.DelegatingMethodAccessorImpl.invoke Starting ProtocolHandler ["ajp-nio-8009"]
09-Dec-2019 00:53:04.649 INFO [main] sun.reflect.DelegatingMethodAccessorImpl.invoke Server startup in 3464 ms
09-Dec-2019 00:56:44.796 INFO [main] sun.reflect.DelegatingMethodAccessorImpl.invoke A valid shutdown command was received via the shutdown port. Stopping the Server instance.
09-Dec-2019 00:56:44.797 INFO [main] sun.reflect.DelegatingMethodAccessorImpl.invoke Pausing ProtocolHandler ["http-nio-8080"]
09-Dec-2019 00:56:44.804 INFO [main] sun.reflect.DelegatingMethodAccessorImpl.invoke Pausing ProtocolHandler ["ajp-nio-8009"]
09-Dec-2019 00:56:44.811 INFO [main] sun.reflect.DelegatingMethodAccessorImpl.invoke Stopping service [Catalina]
09-Dec-2019 00:56:44.827 INFO [localhost-startStop-2] org.apache.openejb.assembler.classic.Assembler.destroyApplication Undeploying app: /Users/ravikumar.g/Downloads/apache-tomee-plume-7.0.6/webapps/tomee-1.0
09-Dec-2019 00:56:44.835 INFO [localhost-startStop-2] org.apache.openejb.assembler.classic.Assembler.doResourceDestruction Closing DataSource: tomee-1.0/movieDatabase
09-Dec-2019 00:56:44.835 INFO [localhost-startStop-2] org.apache.openejb.assembler.classic.Assembler.doResourceDestruction Closing DataSource: tomee-1.0/movieDatabaseUnmanaged
09-Dec-2019 00:56:45.010 WARNING [localhost-startStop-2] org.apache.catalina.loader.WebappClassLoaderBase.clearReferencesThreads The web application [tomee-1.0] appears to have started a thread named [mysql-cj-abandoned-connection-cleanup] but has failed to stop it. This is very likely to create a memory leak. Stack trace of thread:
 java.lang.Object.wait(Native Method)
 java.lang.ref.ReferenceQueue.remove(ReferenceQueue.java:143)
 com.mysql.cj.jdbc.AbandonedConnectionCleanupThread.run(AbandonedConnectionCleanupThread.java:85)
 java.util.concurrent.ThreadPoolExecutor.runWorker(ThreadPoolExecutor.java:1149)
 java.util.concurrent.ThreadPoolExecutor$Worker.run(ThreadPoolExecutor.java:624)
 java.lang.Thread.run(Thread.java:748)
09-Dec-2019 00:56:45.016 INFO [localhost-startStop-2] org.apache.openejb.assembler.classic.Assembler.destroyApplication Undeploying app: /Users/ravikumar.g/Downloads/apache-tomee-plume-7.0.6/webapps/docs
09-Dec-2019 00:56:45.017 WARNING [localhost-startStop-2] org.apache.openejb.assembler.classic.Assembler.destroyApplication cant unbind resource jms/movieManagemenCF
09-Dec-2019 00:56:45.017 WARNING [localhost-startStop-2] org.apache.openejb.assembler.classic.Assembler.destroyApplication cant unbind resource jms/movieManagementQueue
09-Dec-2019 00:56:45.189 INFO [localhost-startStop-2] org.apache.openejb.assembler.classic.Assembler.destroyApplication Undeploying app: /Users/ravikumar.g/Downloads/apache-tomee-plume-7.0.6/webapps/host-manager
09-Dec-2019 00:56:45.190 WARNING [localhost-startStop-2] org.apache.openejb.assembler.classic.Assembler.destroyApplication cant unbind resource jms/movieManagemenCF
09-Dec-2019 00:56:45.190 WARNING [localhost-startStop-2] org.apache.openejb.assembler.classic.Assembler.destroyApplication cant unbind resource jms/movieManagementQueue
09-Dec-2019 00:56:45.301 INFO [localhost-startStop-2] org.apache.openejb.assembler.classic.Assembler.destroyApplication Undeploying app: /Users/ravikumar.g/Downloads/apache-tomee-plume-7.0.6/webapps/manager
09-Dec-2019 00:56:45.301 WARNING [localhost-startStop-2] org.apache.openejb.assembler.classic.Assembler.destroyApplication cant unbind resource jms/movieManagemenCF
09-Dec-2019 00:56:45.302 WARNING [localhost-startStop-2] org.apache.openejb.assembler.classic.Assembler.destroyApplication cant unbind resource jms/movieManagementQueue
09-Dec-2019 00:56:45.389 INFO [localhost-startStop-2] org.apache.openejb.assembler.classic.Assembler.destroyApplication Undeploying app: /Users/ravikumar.g/Downloads/apache-tomee-plume-7.0.6/webapps/ROOT
09-Dec-2019 00:56:45.389 WARNING [localhost-startStop-2] org.apache.openejb.assembler.classic.Assembler.destroyApplication cant unbind resource jms/movieManagemenCF
09-Dec-2019 00:56:45.389 WARNING [localhost-startStop-2] org.apache.openejb.assembler.classic.Assembler.destroyApplication cant unbind resource jms/movieManagementQueue
09-Dec-2019 00:56:45.487 INFO [main] sun.reflect.DelegatingMethodAccessorImpl.invoke Stopping ProtocolHandler ["http-nio-8080"]
09-Dec-2019 00:56:45.489 INFO [main] sun.reflect.DelegatingMethodAccessorImpl.invoke Stopping ProtocolHandler ["ajp-nio-8009"]
09-Dec-2019 00:56:45.490 INFO [main] org.apache.openejb.server.SimpleServiceManager.stop Stopping server services
09-Dec-2019 00:56:45.500 INFO [main] sun.reflect.DelegatingMethodAccessorImpl.invoke Destroying ProtocolHandler ["http-nio-8080"]
09-Dec-2019 00:56:45.501 INFO [main] sun.reflect.DelegatingMethodAccessorImpl.invoke Destroying ProtocolHandler ["ajp-nio-8009"]
