08-Dec-2019 15:15:31.805 SEVERE [http-nio-8080-exec-2] org.apache.catalina.core.StandardWrapperValve.invoke Servlet.service() for servlet [jsp] in context with path [/tomee-1.0] threw exception [An exception occurred processing JSP page [/setup.jsp] at line [29]

26:   InitialContext initialContext = new InitialContext();
27:   MoviesBean moviesBean = (MoviesBean) initialContext.lookup("java:comp/env/com.boxfuse.samples.tomee.ActionServlet/moviesBean");
28: 
29:   moviesBean.addMovie(new Movie("Wedding Crashers", "David Dobkin", "Comedy", 7, 2005));
30:   moviesBean.addMovie(new Movie("Starsky & Hutch", "Todd Phillips", "Action", 6, 2004));
31:   moviesBean.addMovie(new Movie("Shanghai Knights", "David Dobkin", "Action", 6, 2003));
32:   moviesBean.addMovie(new Movie("I-Spy", "Betty Thomas", "Adventure", 5, 2002));


Stacktrace:] with root cause
	org.hsqldb.HsqlException: user lacks privilege or object not found: SEQUENCE
		at org.hsqldb.error.Error.error(Unknown Source)
		at org.hsqldb.error.Error.error(Unknown Source)
		at org.hsqldb.SchemaManager.getTable(Unknown Source)
		at org.hsqldb.ParserDQL.readTableName(Unknown Source)
		at org.hsqldb.ParserDQL.readRangeVariableForDataChange(Unknown Source)
		at org.hsqldb.ParserDML.compileUpdateStatement(Unknown Source)
		at org.hsqldb.ParserCommand.compilePart(Unknown Source)
		at org.hsqldb.ParserCommand.compileStatement(Unknown Source)
		at org.hsqldb.Session.compileStatement(Unknown Source)
		at org.hsqldb.StatementManager.compile(Unknown Source)
		at org.hsqldb.Session.execute(Unknown Source)
		at org.hsqldb.jdbc.JDBCPreparedStatement.<init>(Unknown Source)
		at org.hsqldb.jdbc.JDBCConnection.prepareStatement(Unknown Source)
		at sun.reflect.NativeMethodAccessorImpl.invoke0(Native Method)
		at sun.reflect.NativeMethodAccessorImpl.invoke(NativeMethodAccessorImpl.java:62)
		at sun.reflect.DelegatingMethodAccessorImpl.invoke(DelegatingMethodAccessorImpl.java:43)
		at java.lang.reflect.Method.invoke(Method.java:498)
		at org.apache.tomcat.jdbc.pool.ProxyConnection.invoke(ProxyConnection.java:126)
		at org.apache.tomcat.jdbc.pool.JdbcInterceptor.invoke(JdbcInterceptor.java:108)
		at org.apache.tomcat.jdbc.pool.interceptor.AbstractCreateStatementInterceptor.invoke(AbstractCreateStatementInterceptor.java:75)
		at org.apache.tomcat.jdbc.pool.JdbcInterceptor.invoke(JdbcInterceptor.java:108)
		at org.apache.tomcat.jdbc.pool.DisposableConnectionFacade.invoke(DisposableConnectionFacade.java:81)
		at com.sun.proxy.$Proxy89.prepareStatement(Unknown Source)
		at sun.reflect.NativeMethodAccessorImpl.invoke0(Native Method)
		at sun.reflect.NativeMethodAccessorImpl.invoke(NativeMethodAccessorImpl.java:62)
		at sun.reflect.DelegatingMethodAccessorImpl.invoke(DelegatingMethodAccessorImpl.java:43)
		at java.lang.reflect.Method.invoke(Method.java:498)
		at org.apache.openejb.resource.jdbc.managed.local.ManagedConnection.invokeUnderTransaction(ManagedConnection.java:241)
		at org.apache.openejb.resource.jdbc.managed.local.ManagedConnection.invoke(ManagedConnection.java:165)
		at com.sun.proxy.$Proxy90.prepareStatement(Unknown Source)
		at org.eclipse.persistence.internal.databaseaccess.DatabaseAccessor.prepareStatement(DatabaseAccessor.java:1565)
		at org.eclipse.persistence.internal.databaseaccess.DatabaseAccessor.prepareStatement(DatabaseAccessor.java:1514)
		at org.eclipse.persistence.internal.databaseaccess.DatabaseCall.prepareStatement(DatabaseCall.java:778)
		at org.eclipse.persistence.internal.databaseaccess.DatabaseAccessor.basicExecuteCall(DatabaseAccessor.java:621)
		at org.eclipse.persistence.internal.databaseaccess.DatabaseAccessor.executeCall(DatabaseAccessor.java:560)
		at org.eclipse.persistence.internal.sessions.AbstractSession.basicExecuteCall(AbstractSession.java:2056)
		at org.eclipse.persistence.sessions.server.ClientSession.executeCall(ClientSession.java:306)
		at org.eclipse.persistence.internal.queries.DatasourceCallQueryMechanism.executeCall(DatasourceCallQueryMechanism.java:242)
		at org.eclipse.persistence.internal.queries.DatasourceCallQueryMechanism.executeCall(DatasourceCallQueryMechanism.java:228)
		at org.eclipse.persistence.internal.queries.DatasourceCallQueryMechanism.executeNoSelectCall(DatasourceCallQueryMechanism.java:271)
		at org.eclipse.persistence.internal.queries.DatasourceCallQueryMechanism.executeNoSelect(DatasourceCallQueryMechanism.java:251)
		at org.eclipse.persistence.queries.DataModifyQuery.executeDatabaseQuery(DataModifyQuery.java:85)
		at org.eclipse.persistence.queries.DatabaseQuery.execute(DatabaseQuery.java:904)
		at org.eclipse.persistence.internal.sessions.AbstractSession.internalExecuteQuery(AbstractSession.java:3271)
		at org.eclipse.persistence.internal.sessions.AbstractSession.executeQuery(AbstractSession.java:1857)
		at org.eclipse.persistence.internal.sessions.AbstractSession.executeQuery(AbstractSession.java:1839)
		at org.eclipse.persistence.internal.sessions.AbstractSession.executeQuery(AbstractSession.java:1804)
		at org.eclipse.persistence.sequencing.QuerySequence.update(QuerySequence.java:340)
		at org.eclipse.persistence.sequencing.QuerySequence.updateAndSelectSequence(QuerySequence.java:277)
		at org.eclipse.persistence.sequencing.StandardSequence.getGeneratedVector(StandardSequence.java:71)
		at org.eclipse.persistence.sequencing.DefaultSequence.getGeneratedVector(DefaultSequence.java:163)
		at org.eclipse.persistence.sequencing.Sequence.getGeneratedVector(Sequence.java:257)
		at org.eclipse.persistence.internal.sequencing.SequencingManager$Preallocation_Transaction_NoAccessor_State.getNextValue(SequencingManager.java:485)
		at org.eclipse.persistence.internal.sequencing.SequencingManager.getNextValue(SequencingManager.java:1107)
		at org.eclipse.persistence.internal.sequencing.ClientSessionSequencing.getNextValue(ClientSessionSequencing.java:70)
		at org.eclipse.persistence.internal.descriptors.ObjectBuilder.assignSequenceNumber(ObjectBuilder.java:362)
		at org.eclipse.persistence.internal.descriptors.ObjectBuilder.assignSequenceNumber(ObjectBuilder.java:321)
		at org.eclipse.persistence.internal.sessions.UnitOfWorkImpl.assignSequenceNumber(UnitOfWorkImpl.java:486)
		at org.eclipse.persistence.internal.sessions.UnitOfWorkImpl.registerNotRegisteredNewObjectForPersist(UnitOfWorkImpl.java:4288)
		at org.eclipse.persistence.internal.sessions.RepeatableWriteUnitOfWork.registerNotRegisteredNewObjectForPersist(RepeatableWriteUnitOfWork.java:521)
		at org.eclipse.persistence.internal.sessions.UnitOfWorkImpl.registerNewObjectForPersist(UnitOfWorkImpl.java:4233)
		at org.eclipse.persistence.internal.jpa.EntityManagerImpl.persist(EntityManagerImpl.java:507)
		at org.apache.openejb.persistence.JtaEntityManager.persist(JtaEntityManager.java:193)
		at com.boxfuse.samples.tomee.MoviesBean.addMovie(MoviesBean.java:42)
		at sun.reflect.NativeMethodAccessorImpl.invoke0(Native Method)
		at sun.reflect.NativeMethodAccessorImpl.invoke(NativeMethodAccessorImpl.java:62)
		at sun.reflect.DelegatingMethodAccessorImpl.invoke(DelegatingMethodAccessorImpl.java:43)
		at java.lang.reflect.Method.invoke(Method.java:498)
		at org.apache.openejb.core.interceptor.ReflectionInvocationContext$Invocation.invoke(ReflectionInvocationContext.java:205)
		at org.apache.openejb.core.interceptor.ReflectionInvocationContext.proceed(ReflectionInvocationContext.java:186)
		at org.apache.openejb.monitoring.StatsInterceptor.record(StatsInterceptor.java:191)
		at org.apache.openejb.monitoring.StatsInterceptor.invoke(StatsInterceptor.java:102)
		at sun.reflect.NativeMethodAccessorImpl.invoke0(Native Method)
		at sun.reflect.NativeMethodAccessorImpl.invoke(NativeMethodAccessorImpl.java:62)
		at sun.reflect.DelegatingMethodAccessorImpl.invoke(DelegatingMethodAccessorImpl.java:43)
		at java.lang.reflect.Method.invoke(Method.java:498)
		at org.apache.openejb.core.interceptor.ReflectionInvocationContext$Invocation.invoke(ReflectionInvocationContext.java:205)
		at org.apache.openejb.core.interceptor.ReflectionInvocationContext.proceed(ReflectionInvocationContext.java:186)
		at org.apache.openejb.core.interceptor.InterceptorStack.invoke(InterceptorStack.java:85)
		at org.apache.openejb.core.stateless.StatelessContainer._invoke(StatelessContainer.java:252)
		at org.apache.openejb.core.stateless.StatelessContainer.invoke(StatelessContainer.java:212)
		at org.apache.openejb.core.ivm.EjbObjectProxyHandler.synchronizedBusinessMethod(EjbObjectProxyHandler.java:265)
		at org.apache.openejb.core.ivm.EjbObjectProxyHandler.businessMethod(EjbObjectProxyHandler.java:260)
		at org.apache.openejb.core.ivm.EjbObjectProxyHandler._invoke(EjbObjectProxyHandler.java:89)
		at org.apache.openejb.core.ivm.BaseEjbProxyHandler.invoke(BaseEjbProxyHandler.java:347)
		at com.boxfuse.samples.tomee.MoviesBean$$LocalBeanProxy.addMovie(com/boxfuse/samples/tomee/MoviesBean.java)
		at org.apache.jsp.setup_jsp._jspService(setup_jsp.java:147)
		at org.apache.jasper.runtime.HttpJspBase.service(HttpJspBase.java:70)
		at javax.servlet.http.HttpServlet.service(HttpServlet.java:742)
		at org.apache.jasper.servlet.JspServletWrapper.service(JspServletWrapper.java:476)
		at org.apache.jasper.servlet.JspServlet.serviceJspFile(JspServlet.java:386)
		at org.apache.jasper.servlet.JspServlet.service(JspServlet.java:330)
		at javax.servlet.http.HttpServlet.service(HttpServlet.java:742)
		at org.apache.catalina.core.ApplicationFilterChain.internalDoFilter(ApplicationFilterChain.java:231)
		at org.apache.catalina.core.ApplicationFilterChain.doFilter(ApplicationFilterChain.java:166)
		at org.apache.tomcat.websocket.server.WsFilter.doFilter(WsFilter.java:52)
		at org.apache.catalina.core.ApplicationFilterChain.internalDoFilter(ApplicationFilterChain.java:193)
		at org.apache.catalina.core.ApplicationFilterChain.doFilter(ApplicationFilterChain.java:166)
		at org.apache.openejb.server.httpd.EEFilter.doFilter(EEFilter.java:65)
		at org.apache.catalina.core.ApplicationFilterChain.internalDoFilter(ApplicationFilterChain.java:193)
		at org.apache.catalina.core.ApplicationFilterChain.doFilter(ApplicationFilterChain.java:166)
		at org.apache.catalina.core.StandardWrapperValve.invoke(StandardWrapperValve.java:199)
		at org.apache.catalina.core.StandardContextValve.invoke(StandardContextValve.java:96)
		at org.apache.tomee.catalina.OpenEJBValve.invoke(OpenEJBValve.java:44)
		at org.apache.catalina.authenticator.AuthenticatorBase.invoke(AuthenticatorBase.java:493)
		at org.apache.catalina.core.StandardHostValve.invoke(StandardHostValve.java:137)
		at org.apache.catalina.valves.ErrorReportValve.invoke(ErrorReportValve.java:81)
		at org.apache.tomee.catalina.OpenEJBSecurityListener$RequestCapturer.invoke(OpenEJBSecurityListener.java:97)
		at org.apache.catalina.valves.AbstractAccessLogValve.invoke(AbstractAccessLogValve.java:660)
		at org.apache.catalina.core.StandardEngineValve.invoke(StandardEngineValve.java:87)
		at org.apache.catalina.connector.CoyoteAdapter.service(CoyoteAdapter.java:343)
		at org.apache.coyote.http11.Http11Processor.service(Http11Processor.java:798)
		at org.apache.coyote.AbstractProcessorLight.process(AbstractProcessorLight.java:66)
		at org.apache.coyote.AbstractProtocol$ConnectionHandler.process(AbstractProtocol.java:808)
		at org.apache.tomcat.util.net.NioEndpoint$SocketProcessor.doRun(NioEndpoint.java:1498)
		at org.apache.tomcat.util.net.SocketProcessorBase.run(SocketProcessorBase.java:49)
		at java.util.concurrent.ThreadPoolExecutor.runWorker(ThreadPoolExecutor.java:1149)
		at java.util.concurrent.ThreadPoolExecutor$Worker.run(ThreadPoolExecutor.java:624)
		at org.apache.tomcat.util.threads.TaskThread$WrappingRunnable.run(TaskThread.java:61)
		at java.lang.Thread.run(Thread.java:748)
