/*C81*/SET SCHEMA PUBLIC
DROP TABLE MOVIE
DELETE FROM SEQUENCE WHERE SEQ_NAME='SEQ_GEN'
COMMIT
CREATE TABLE MOVIE (ID BIGINT NOT NULL, DIRECTOR VARCHAR(255), GENRE VARCHAR(255), RATING INTEGER, TITLE VARCHAR(255), YEAR INTEGER, PRIMARY KEY (ID))
INSERT INTO SEQUENCE VALUES('SEQ_GEN',0)
COMMIT
/*C71*/SET SCHEMA PUBLIC
DELETE FROM SEQUENCE WHERE SEQ_NAME='SEQ_GEN'
INSERT INTO SEQUENCE VALUES('SEQ_GEN',50)
INSERT INTO MOVIE VALUES(1,'David Dobkin','Comedy',7,'Wedding Crashers',2005)
COMMIT
INSERT INTO MOVIE VALUES(2,'Todd Phillips','Action',6,'Starsky & Hutch',2004)
COMMIT
INSERT INTO MOVIE VALUES(3,'David Dobkin','Action',6,'Shanghai Knights',2003)
COMMIT
INSERT INTO MOVIE VALUES(4,'Betty Thomas','Adventure',5,'I-Spy',2002)
COMMIT
INSERT INTO MOVIE VALUES(5,'Wes Anderson','Comedy',8,'The Royal Tenenbaums',2001)
COMMIT
INSERT INTO MOVIE VALUES(6,'Ben Stiller','Comedy',6,'Zoolander',2001)
COMMIT
INSERT INTO MOVIE VALUES(7,'Tom Dey','Comedy',7,'Shanghai Noon',2000)
COMMIT
INSERT INTO MOVIE VALUES(8,'Ravi','Action',3,'Saahoo',2019)
COMMIT
DISCONNECT
/*C70*/SET SCHEMA PUBLIC
DISCONNECT
/*C69*/SET SCHEMA PUBLIC
DISCONNECT
/*C68*/SET SCHEMA PUBLIC
DISCONNECT
/*C67*/SET SCHEMA PUBLIC
DISCONNECT
/*C66*/SET SCHEMA PUBLIC
DISCONNECT
/*C65*/SET SCHEMA PUBLIC
DISCONNECT
/*C64*/SET SCHEMA PUBLIC
DISCONNECT
/*C63*/SET SCHEMA PUBLIC
DISCONNECT
/*C62*/SET SCHEMA PUBLIC
DISCONNECT
/*C81*/DISCONNECT
/*C80*/SET SCHEMA PUBLIC
DISCONNECT
/*C79*/SET SCHEMA PUBLIC
DISCONNECT
/*C78*/SET SCHEMA PUBLIC
DISCONNECT
/*C77*/SET SCHEMA PUBLIC
DISCONNECT
/*C76*/SET SCHEMA PUBLIC
DISCONNECT
/*C75*/SET SCHEMA PUBLIC
DISCONNECT
/*C74*/SET SCHEMA PUBLIC
DISCONNECT
/*C73*/SET SCHEMA PUBLIC
DISCONNECT
/*C72*/SET SCHEMA PUBLIC
DISCONNECT
